# JRE version: Java(TM) SE Runtime Environment (10.0.2+13) (build 10.0.2+13)
# Java VM: Java HotSpot(TM) 64-Bit Server VM (10.0.2+13, mixed mode, tiered, compressed oops, g1 gc, windows-amd64)
Heap:
 garbage-first heap   total 131072K, used 30215K [0x0000000081c00000, 0x0000000100000000)
  region size 1024K, 6 young (6144K), 3 survivors (3072K)
 Metaspace       used 12127K, capacity 12457K, committed 12672K, reserved 1060864K
  class space    used 1231K, capacity 1365K, committed 1408K, reserved 1048576K
GC Heap History (6 events):
Event: 1.058 GC heap before
{Heap before GC invocations=0 (full 0):
 garbage-first heap   total 131072K, used 15360K [0x0000000081c00000, 0x0000000100000000)
  region size 1024K, 14 young (14336K), 0 survivors (0K)
 Metaspace       used 5858K, capacity 5894K, committed 6144K, reserved 1056768K
  class space    used 486K, capacity 494K, committed 512K, reserved 1048576K
}
Event: 1.065 GC heap after
{Heap after GC invocations=1 (full 0):
 garbage-first heap   total 131072K, used 11250K [0x0000000081c00000, 0x0000000100000000)
  region size 1024K, 2 young (2048K), 2 survivors (2048K)
 Metaspace       used 5858K, capacity 5894K, committed 6144K, reserved 1056768K
  class space    used 486K, capacity 494K, committed 512K, reserved 1048576K
}
Event: 1.170 GC heap before
{Heap before GC invocations=1 (full 0):
 garbage-first heap   total 131072K, used 19442K [0x0000000081c00000, 0x0000000100000000)
  region size 1024K, 10 young (10240K), 2 survivors (2048K)
 Metaspace       used 5858K, capacity 5894K, committed 6144K, reserved 1056768K
  class space    used 486K, capacity 494K, committed 512K, reserved 1048576K
}
Event: 1.176 GC heap after
{Heap after GC invocations=2 (full 0):
 garbage-first heap   total 131072K, used 18218K [0x0000000081c00000, 0x0000000100000000)
  region size 1024K, 2 young (2048K), 2 survivors (2048K)
 Metaspace       used 5858K, capacity 5894K, committed 6144K, reserved 1056768K
  class space    used 486K, capacity 494K, committed 512K, reserved 1048576K
}
Event: 2.166 GC heap before
{Heap before GC invocations=2 (full 0):
 garbage-first heap   total 131072K, used 33578K [0x0000000081c00000, 0x0000000100000000)
  region size 1024K, 17 young (17408K), 2 survivors (2048K)
 Metaspace       used 11597K, capacity 11840K, committed 12160K, reserved 1060864K
  class space    used 1182K, capacity 1283K, committed 1408K, reserved 1048576K
}
Event: 2.174 GC heap after
{Heap after GC invocations=3 (full 0):
 garbage-first heap   total 131072K, used 28167K [0x0000000081c00000, 0x0000000100000000)
  region size 1024K, 3 young (3072K), 3 survivors (3072K)
 Metaspace       used 11597K, capacity 11840K, committed 12160K, reserved 1060864K
  class space    used 1182K, capacity 1283K, committed 1408K, reserved 1048576K
}

