# JRE version: Java(TM) SE Runtime Environment (10.0.2+13) (build 10.0.2+13)
# Java VM: Java HotSpot(TM) 64-Bit Server VM (10.0.2+13, mixed mode, tiered, compressed oops, g1 gc, windows-amd64)
Heap:
 garbage-first heap   total 157696K, used 79814K [0x0000000081c00000, 0x0000000100000000)
  region size 1024K, 51 young (52224K), 7 survivors (7168K)
 Metaspace       used 35418K, capacity 36343K, committed 36604K, reserved 1081344K
  class space    used 4178K, capacity 4582K, committed 4608K, reserved 1048576K
GC Heap History (10 events):
Event: 3.388 GC heap before
{Heap before GC invocations=5 (full 0):
 garbage-first heap   total 131072K, used 70527K [0x0000000081c00000, 0x0000000100000000)
  region size 1024K, 43 young (44032K), 3 survivors (3072K)
 Metaspace       used 15743K, capacity 16140K, committed 16512K, reserved 1064960K
  class space    used 1658K, capacity 1855K, committed 1920K, reserved 1048576K
}
Event: 3.392 GC heap after
{Heap after GC invocations=6 (full 0):
 garbage-first heap   total 131072K, used 29818K [0x0000000081c00000, 0x0000000100000000)
  region size 1024K, 3 young (3072K), 3 survivors (3072K)
 Metaspace       used 15743K, capacity 16140K, committed 16512K, reserved 1064960K
  class space    used 1658K, capacity 1855K, committed 1920K, reserved 1048576K
}
Event: 3.938 GC heap before
{Heap before GC invocations=6 (full 0):
 garbage-first heap   total 131072K, used 68730K [0x0000000081c00000, 0x0000000100000000)
  region size 1024K, 42 young (43008K), 3 survivors (3072K)
 Metaspace       used 20540K, capacity 21134K, committed 21296K, reserved 1069056K
  class space    used 2319K, capacity 2602K, committed 2688K, reserved 1048576K
}
Event: 3.944 GC heap after
{Heap after GC invocations=7 (full 0):
 garbage-first heap   total 131072K, used 31521K [0x0000000081c00000, 0x0000000100000000)
  region size 1024K, 5 young (5120K), 5 survivors (5120K)
 Metaspace       used 20540K, capacity 21134K, committed 21296K, reserved 1069056K
  class space    used 2319K, capacity 2602K, committed 2688K, reserved 1048576K
}
Event: 4.699 GC heap before
{Heap before GC invocations=8 (full 0):
 garbage-first heap   total 131072K, used 89889K [0x0000000081c00000, 0x0000000100000000)
  region size 1024K, 62 young (63488K), 5 survivors (5120K)
 Metaspace       used 25603K, capacity 26304K, committed 26492K, reserved 1073152K
  class space    used 3077K, capacity 3385K, committed 3456K, reserved 1048576K
}
Event: 4.709 GC heap after
{Heap after GC invocations=9 (full 0):
 garbage-first heap   total 131072K, used 32954K [0x0000000081c00000, 0x0000000100000000)
  region size 1024K, 6 young (6144K), 6 survivors (6144K)
 Metaspace       used 25603K, capacity 26304K, committed 26492K, reserved 1073152K
  class space    used 3077K, capacity 3385K, committed 3456K, reserved 1048576K
}
Event: 5.283 GC heap before
{Heap before GC invocations=10 (full 0):
 garbage-first heap   total 131072K, used 100538K [0x0000000081c00000, 0x0000000100000000)
  region size 1024K, 72 young (73728K), 6 survivors (6144K)
 Metaspace       used 28174K, capacity 28961K, committed 29052K, reserved 1075200K
  class space    used 3358K, capacity 3700K, committed 3712K, reserved 1048576K
}
Event: 5.300 GC heap after
{Heap after GC invocations=11 (full 0):
 garbage-first heap   total 157696K, used 33975K [0x0000000081c00000, 0x0000000100000000)
  region size 1024K, 5 young (5120K), 5 survivors (5120K)
 Metaspace       used 28174K, capacity 28961K, committed 29052K, reserved 1075200K
  class space    used 3358K, capacity 3700K, committed 3712K, reserved 1048576K
}
Event: 5.990 GC heap before
{Heap before GC invocations=11 (full 0):
 garbage-first heap   total 157696K, used 116919K [0x0000000081c00000, 0x0000000100000000)
  region size 1024K, 85 young (87040K), 5 survivors (5120K)
 Metaspace       used 33228K, capacity 34090K, committed 34300K, reserved 1079296K
  class space    used 3901K, capacity 4303K, committed 4352K, reserved 1048576K
}
Event: 6.001 GC heap after
{Heap after GC invocations=12 (full 0):
 garbage-first heap   total 157696K, used 35782K [0x0000000081c00000, 0x0000000100000000)
  region size 1024K, 7 young (7168K), 7 survivors (7168K)
 Metaspace       used 33228K, capacity 34090K, committed 34300K, reserved 1079296K
  class space    used 3901K, capacity 4303K, committed 4352K, reserved 1048576K
}

