# JRE version: Java(TM) SE Runtime Environment (10.0.2+13) (build 10.0.2+13)
# Java VM: Java HotSpot(TM) 64-Bit Server VM (10.0.2+13, mixed mode, tiered, compressed oops, g1 gc, windows-amd64)
Heap:
 garbage-first heap   total 131072K, used 38750K [0x0000000081c00000, 0x0000000100000000)
  region size 1024K, 15 young (15360K), 3 survivors (3072K)
 Metaspace       used 13828K, capacity 14191K, committed 14464K, reserved 1062912K
  class space    used 1401K, capacity 1537K, committed 1664K, reserved 1048576K
GC Heap History (6 events):
Event: 1.172 GC heap before
{Heap before GC invocations=0 (full 0):
 garbage-first heap   total 131072K, used 15360K [0x0000000081c00000, 0x0000000100000000)
  region size 1024K, 14 young (14336K), 0 survivors (0K)
 Metaspace       used 5858K, capacity 5894K, committed 6144K, reserved 1056768K
  class space    used 486K, capacity 494K, committed 512K, reserved 1048576K
}
Event: 1.179 GC heap after
{Heap after GC invocations=1 (full 0):
 garbage-first heap   total 131072K, used 10920K [0x0000000081c00000, 0x0000000100000000)
  region size 1024K, 2 young (2048K), 2 survivors (2048K)
 Metaspace       used 5858K, capacity 5894K, committed 6144K, reserved 1056768K
  class space    used 486K, capacity 494K, committed 512K, reserved 1048576K
}
Event: 1.298 GC heap before
{Heap before GC invocations=1 (full 0):
 garbage-first heap   total 131072K, used 19112K [0x0000000081c00000, 0x0000000100000000)
  region size 1024K, 10 young (10240K), 2 survivors (2048K)
 Metaspace       used 5858K, capacity 5894K, committed 6144K, reserved 1056768K
  class space    used 486K, capacity 494K, committed 512K, reserved 1048576K
}
Event: 1.304 GC heap after
{Heap after GC invocations=2 (full 0):
 garbage-first heap   total 131072K, used 17976K [0x0000000081c00000, 0x0000000100000000)
  region size 1024K, 2 young (2048K), 2 survivors (2048K)
 Metaspace       used 5858K, capacity 5894K, committed 6144K, reserved 1056768K
  class space    used 486K, capacity 494K, committed 512K, reserved 1048576K
}
Event: 2.412 GC heap before
{Heap before GC invocations=2 (full 0):
 garbage-first heap   total 131072K, used 34360K [0x0000000081c00000, 0x0000000100000000)
  region size 1024K, 18 young (18432K), 2 survivors (2048K)
 Metaspace       used 11950K, capacity 12278K, committed 12416K, reserved 1060864K
  class space    used 1209K, capacity 1324K, committed 1408K, reserved 1048576K
}
Event: 2.419 GC heap after
{Heap after GC invocations=3 (full 0):
 garbage-first heap   total 131072K, used 27486K [0x0000000081c00000, 0x0000000100000000)
  region size 1024K, 3 young (3072K), 3 survivors (3072K)
 Metaspace       used 11950K, capacity 12278K, committed 12416K, reserved 1060864K
  class space    used 1209K, capacity 1324K, committed 1408K, reserved 1048576K
}

